<?xml version="1.0" encoding="UTF-8"?><testsuite failures="0" name="cucumber.runtime.formatter.JUnitFormatter" skipped="0" tests="6" time="179.800745">
<testcase classname="Voicezone" name="Voicezone" time="0.166597">
<system-out><![CDATA[Given NotifybyEmail Get"NCSTest" and "Password2013" and "No" and "Chrome" and 80.passed
]]></system-out>
</testcase>
<testcase classname="Voicezone" name="Voicezone_2" time="0.000263">
<system-out><![CDATA[Given Voicetotext Get"NCSTest" and "Password2013" and "No" and "Chrome" and 80.passed
]]></system-out>
</testcase>
<testcase classname="Voicezone" name="Voicezone_3" time="0.000213">
<system-out><![CDATA[Given Pinskip Get"NCSTest" and "Password2013" and "No" and "Chrome" and 80..passed
]]></system-out>
</testcase>
<testcase classname="Voicezone" name="Voicezone_4" time="0.000231">
<system-out><![CDATA[Given Block Unwanted Callers Get"NCSTest" and "Password2013" and "No" and "Chrome" and 80.passed
]]></system-out>
</testcase>
<testcase classname="Voicezone" name="Voicezone_5" time="0.007817">
<system-out><![CDATA[Given Accept Selected Callers Get"NCSTest" and "Password2013" and "No" and "Chrome" and 80.passed
]]></system-out>
</testcase>
<testcase classname="Voicezone" name="Voicezone_6" time="179.625624">
<system-out><![CDATA[Given Block Outbound Caller ID Get"NCSTest" and "Password2013" and "Yes" and "Chrome" and 80.passed
]]></system-out>
</testcase>
</testsuite>
